<?xml version="1.0" encoding="UTF-8"?>
<testng-results ignored="0" total="1" passed="1" failed="0" skipped="0">
  <reporter-output>
  </reporter-output>
  <suite started-at="2024-12-22T12:30:46 IST" name="Default suite" finished-at="2024-12-22T12:30:49 IST" duration-ms="2792">
    <groups>
    </groups>
    <test started-at="2024-12-22T12:30:46 IST" name="Default test" finished-at="2024-12-22T12:30:49 IST" duration-ms="2792">
      <class name="selenium_test.AppTest">
        <test-method signature="seleniumTest()[pri:0, instance:selenium_test.AppTest@4d1c00d0]" started-at="2024-12-22T12:30:46 IST" name="seleniumTest" finished-at="2024-12-22T12:30:49 IST" duration-ms="2755" status="PASS">
          <reporter-output>
          </reporter-output>
        </test-method> <!-- seleniumTest -->
      </class> <!-- selenium_test.AppTest -->
    </test> <!-- Default test -->
  </suite> <!-- Default suite -->
</testng-results>
