<?xml version="1.0" encoding="UTF-8"?>
<testng-results ignored="0" total="1" passed="1" failed="0" skipped="0">
  <reporter-output>
  </reporter-output>
  <suite started-at="2024-12-22T11:25:20 IST" name="Default suite" finished-at="2024-12-22T11:25:33 IST" duration-ms="12668">
    <groups>
    </groups>
    <test started-at="2024-12-22T11:25:20 IST" name="Default test" finished-at="2024-12-22T11:25:33 IST" duration-ms="12668">
      <class name="test.selenium.AppTest">
        <test-method signature="seleniumTest()[pri:0, instance:test.selenium.AppTest@5fe94a96]" started-at="2024-12-22T11:25:20 IST" name="seleniumTest" finished-at="2024-12-22T11:25:33 IST" duration-ms="12615" status="PASS">
          <reporter-output>
          </reporter-output>
        </test-method> <!-- seleniumTest -->
      </class> <!-- test.selenium.AppTest -->
    </test> <!-- Default test -->
  </suite> <!-- Default suite -->
</testng-results>
